----------------------------------------------------------------
Wed Jul 22 15:13:46 IST 2020:
Booting Derby version The Apache Software Foundation - Apache Derby - 10.8.2.2 - (1181258): instance a816c00e-0173-75e8-51fa-00000d5333e0 
on database directory C:\Users\Sowjanya\Desktop\jenkins_test6\tessy\persist\ite\itedb  with class loader org.eclipse.osgi.internal.baseadaptor.DefaultClassLoader@4cbfa174 
Loaded from file:/C:/Program Files/Razorcat/TESSY_4.2/bin/plugins/org.apache.derby_10.8.2.2_v201605172130.jar
java.vendor=Oracle Corporation
java.runtime.version=1.8.0_171-b11
user.dir=C:\Users\Sowjanya\Desktop\jenkins_test6\tessy
derby.system.home=null
derby.stream.error.file=C:\Users\Sowjanya\Desktop\jenkins_test6\tessy\persist\ite\derby.log
Database Class Loader started - derby.database.classpath=''
----------------------------------------------------------------
Wed Jul 22 15:13:48 IST 2020:
Booting Derby version The Apache Software Foundation - Apache Derby - 10.8.2.2 - (1181258): instance 601a400f-0173-75e8-51fa-00000d5333e0 
on database directory C:\Users\Sowjanya\Desktop\jenkins_test6\tessy\persist\ite\edb  with class loader org.eclipse.osgi.internal.baseadaptor.DefaultClassLoader@4cbfa174 
Loaded from file:/C:/Program Files/Razorcat/TESSY_4.2/bin/plugins/org.apache.derby_10.8.2.2_v201605172130.jar
java.vendor=Oracle Corporation
java.runtime.version=1.8.0_171-b11
user.dir=C:\Users\Sowjanya\Desktop\jenkins_test6\tessy
derby.system.home=null
derby.stream.error.file=C:\Users\Sowjanya\Desktop\jenkins_test6\tessy\log\derby.log
Database Class Loader started - derby.database.classpath=''
----------------------------------------------------------------
----------------------------------------------------------------
Wed Jul 22 15:13:52 IST 2020:
Booting Derby version The Apache Software Foundation - Apache Derby - 10.8.2.2 - (1181258): instance 6b91c056-0173-75e8-51fa-00000d5333e0 
on database directory C:\Users\Sowjanya\Desktop\jenkins_test6\tessy\persist\ite\cache  with class loader org.eclipse.osgi.internal.baseadaptor.DefaultClassLoader@4cbfa174 
Loaded from file:/C:/Program Files/Razorcat/TESSY_4.2/bin/plugins/org.apache.derby_10.8.2.2_v201605172130.jar
java.vendor=Oracle Corporation
java.runtime.version=1.8.0_171-b11
user.dir=C:\Users\Sowjanya\Desktop\jenkins_test6\tessy
Wed Jul 22 15:13:52 IST 2020:
Booting Derby version The Apache Software Foundation - Apache Derby - 10.8.2.2 - (1181258): instance 437c8055-0173-75e8-51fa-00000d5333e0 
on database directory C:\Users\Sowjanya\Desktop\jenkins_test6\tessy\persist\tessy\tessydb  with class loader org.eclipse.osgi.internal.baseadaptor.DefaultClassLoader@4cbfa174 
Loaded from file:/C:/Program Files/Razorcat/TESSY_4.2/bin/plugins/org.apache.derby_10.8.2.2_v201605172130.jar
java.vendor=Oracle Corporation
java.runtime.version=1.8.0_171-b11
user.dir=C:\Users\Sowjanya\Desktop\jenkins_test6\tessy
derby.system.home=null
derby.system.home=null
derby.stream.error.file=C:\Users\Sowjanya\Desktop\jenkins_test6\tessy\persist\ite\derby.log
derby.stream.error.file=C:\Users\Sowjanya\Desktop\jenkins_test6\tessy\persist\ite\derby.log
Database Class Loader started - derby.database.classpath=''
Database Class Loader started - derby.database.classpath=''
----------------------------------------------------------------
Wed Jul 22 15:15:39 IST 2020:
Shutting down instance 437c8055-0173-75e8-51fa-00000d5333e0 on database directory C:\Users\Sowjanya\Desktop\jenkins_test6\tessy\persist\tessy\tessydb with class loader org.eclipse.osgi.internal.baseadaptor.DefaultClassLoader@4cbfa174 
